<?xml version="1.0" encoding="UTF-8"?>
<coverage generated="1682548676177" clover="3.2.0">
  <project timestamp="1682548676177" name="All files">
    <metrics statements="125" coveredstatements="104" conditionals="63" coveredconditionals="41" methods="25" coveredmethods="21" elements="213" coveredelements="166" complexity="0" loc="125" ncloc="125" packages="1" files="4" classes="4"/>
    <file name="evaluator.ts" path="/Users/adam/Code/parser-practice/src/languages/mini-lisp/evaluator.ts">
      <metrics statements="96" coveredstatements="76" conditionals="52" coveredconditionals="34" methods="19" coveredmethods="15"/>
      <line num="5" count="1" type="stmt"/>
      <line num="22" count="1" type="stmt"/>
      <line num="23" count="9" type="stmt"/>
      <line num="26" count="9" type="stmt"/>
      <line num="28" count="14" type="cond" truecount="3" falsecount="0"/>
      <line num="29" count="2" type="stmt"/>
      <line num="30" count="2" type="stmt"/>
      <line num="32" count="12" type="stmt"/>
      <line num="33" count="12" type="cond" truecount="1" falsecount="1"/>
      <line num="39" count="13" type="cond" truecount="2" falsecount="1"/>
      <line num="40" count="0" type="stmt"/>
      <line num="42" count="13" type="stmt"/>
      <line num="43" count="13" type="stmt"/>
      <line num="44" count="13" type="cond" truecount="0" falsecount="1"/>
      <line num="45" count="0" type="stmt"/>
      <line num="47" count="13" type="cond" truecount="1" falsecount="0"/>
      <line num="48" count="1" type="stmt"/>
      <line num="50" count="12" type="cond" truecount="0" falsecount="1"/>
      <line num="51" count="0" type="stmt"/>
      <line num="53" count="12" type="stmt"/>
      <line num="60" count="300" type="cond" truecount="2" falsecount="0"/>
      <line num="61" count="149" type="stmt"/>
      <line num="63" count="151" type="stmt"/>
      <line num="68" count="149" type="stmt"/>
      <line num="69" count="149" type="cond" truecount="2" falsecount="0"/>
      <line num="72" count="149" type="cond" truecount="0" falsecount="1"/>
      <line num="73" count="0" type="stmt"/>
      <line num="75" count="149" type="cond" truecount="1" falsecount="0"/>
      <line num="76" count="72" type="cond" truecount="1" falsecount="0"/>
      <line num="77" count="17" type="stmt"/>
      <line num="78" count="35" type="stmt"/>
      <line num="81" count="55" type="cond" truecount="1" falsecount="0"/>
      <line num="82" count="28" type="cond" truecount="1" falsecount="0"/>
      <line num="83" count="1" type="stmt"/>
      <line num="85" count="27" type="stmt"/>
      <line num="86" count="27" type="stmt"/>
      <line num="89" count="27" type="cond" truecount="0" falsecount="1"/>
      <line num="90" count="0" type="stmt"/>
      <line num="91" count="0" type="stmt"/>
      <line num="94" count="27" type="cond" truecount="0" falsecount="1"/>
      <line num="95" count="0" type="cond" truecount="0" falsecount="1"/>
      <line num="96" count="0" type="stmt"/>
      <line num="98" count="0" type="stmt"/>
      <line num="99" count="0" type="stmt"/>
      <line num="102" count="27" type="cond" truecount="0" falsecount="1"/>
      <line num="103" count="0" type="stmt"/>
      <line num="105" count="27" type="cond" truecount="0" falsecount="1"/>
      <line num="106" count="0" type="stmt"/>
      <line num="108" count="27" type="cond" truecount="1" falsecount="0"/>
      <line num="109" count="27" type="stmt"/>
      <line num="112" count="41" type="stmt"/>
      <line num="113" count="41" type="cond" truecount="3" falsecount="0"/>
      <line num="114" count="14" type="stmt"/>
      <line num="116" count="27" type="stmt"/>
      <line num="117" count="27" type="stmt"/>
      <line num="118" count="27" type="cond" truecount="2" falsecount="0"/>
      <line num="121" count="90" type="stmt"/>
      <line num="122" count="90" type="cond" truecount="0" falsecount="1"/>
      <line num="123" count="0" type="stmt"/>
      <line num="125" count="90" type="stmt"/>
      <line num="128" count="77" type="cond" truecount="1" falsecount="0"/>
      <line num="129" count="9" type="stmt"/>
      <line num="130" count="9" type="stmt"/>
      <line num="131" count="9" type="cond" truecount="0" falsecount="1"/>
      <line num="132" count="0" type="stmt"/>
      <line num="134" count="9" type="cond" truecount="0" falsecount="1"/>
      <line num="135" count="0" type="stmt"/>
      <line num="137" count="10" type="stmt"/>
      <line num="141" count="9" type="stmt"/>
      <line num="143" count="68" type="cond" truecount="1" falsecount="0"/>
      <line num="144" count="25" type="cond" truecount="0" falsecount="1"/>
      <line num="145" count="0" type="stmt"/>
      <line num="147" count="25" type="cond" truecount="2" falsecount="0"/>
      <line num="151" count="43" type="cond" truecount="1" falsecount="0"/>
      <line num="152" count="8" type="stmt"/>
      <line num="154" count="35" type="cond" truecount="1" falsecount="0"/>
      <line num="155" count="5" type="stmt"/>
      <line num="156" count="8" type="cond" truecount="2" falsecount="1"/>
      <line num="157" count="0" type="stmt"/>
      <line num="159" count="5" type="stmt"/>
      <line num="160" count="5" type="stmt"/>
      <line num="166" count="30" type="cond" truecount="0" falsecount="1"/>
      <line num="167" count="0" type="stmt"/>
      <line num="169" count="30" type="cond" truecount="2" falsecount="0"/>
      <line num="170" count="30" type="cond" truecount="0" falsecount="1"/>
      <line num="171" count="0" type="stmt"/>
      <line num="173" count="30" type="stmt"/>
      <line num="177" count="30" type="stmt"/>
      <line num="180" count="34" type="stmt"/>
      <line num="187" count="30" type="stmt"/>
      <line num="191" count="151" type="cond" truecount="3" falsecount="0"/>
      <line num="192" count="74" type="stmt"/>
      <line num="194" count="77" type="stmt"/>
      <line num="195" count="77" type="cond" truecount="0" falsecount="1"/>
      <line num="196" count="0" type="stmt"/>
      <line num="198" count="77" type="stmt"/>
    </file>
    <file name="grammar.ts" path="/Users/adam/Code/parser-practice/src/languages/mini-lisp/grammar.ts">
      <metrics statements="1" coveredstatements="1" conditionals="0" coveredconditionals="0" methods="0" coveredmethods="0"/>
      <line num="1" count="1" type="stmt"/>
    </file>
    <file name="macros.ts" path="/Users/adam/Code/parser-practice/src/languages/mini-lisp/macros.ts">
      <metrics statements="6" coveredstatements="6" conditionals="0" coveredconditionals="0" methods="2" coveredmethods="2"/>
      <line num="5" count="1" type="stmt"/>
      <line num="6" count="8" type="stmt"/>
      <line num="7" count="8" type="stmt"/>
      <line num="14" count="1" type="stmt"/>
      <line num="15" count="1" type="stmt"/>
      <line num="16" count="1" type="stmt"/>
    </file>
    <file name="parser.ts" path="/Users/adam/Code/parser-practice/src/languages/mini-lisp/parser.ts">
      <metrics statements="22" coveredstatements="21" conditionals="11" coveredconditionals="7" methods="4" coveredmethods="4"/>
      <line num="1" count="1" type="stmt"/>
      <line num="12" count="11" type="stmt"/>
      <line num="13" count="11" type="stmt"/>
      <line num="14" count="10" type="cond" truecount="1" falsecount="0"/>
      <line num="15" count="1" type="stmt"/>
      <line num="17" count="9" type="stmt"/>
      <line num="19" count="160" type="stmt"/>
      <line num="20" count="159" type="cond" truecount="3" falsecount="0"/>
      <line num="21" count="64" type="stmt"/>
      <line num="23" count="95" type="stmt"/>
      <line num="26" count="160" type="cond" truecount="2" falsecount="0"/>
      <line num="27" count="106" type="stmt"/>
      <line num="29" count="54" type="stmt"/>
      <line num="30" count="54" type="stmt"/>
      <line num="31" count="54" type="stmt"/>
      <line num="32" count="53" type="stmt"/>
      <line num="36" count="106" type="stmt"/>
      <line num="37" count="106" type="stmt"/>
      <line num="38" count="106" type="cond" truecount="0" falsecount="1"/>
      <line num="39" count="0" type="stmt"/>
      <line num="41" count="106" type="cond" truecount="1" falsecount="1"/>
      <line num="47" count="1" type="stmt"/>
    </file>
  </project>
</coverage>
