{"/Users/adam/Code/parser-practice/src/languages/mini-lisp/evaluator.ts": {"path":"/Users/adam/Code/parser-practice/src/languages/mini-lisp/evaluator.ts","statementMap":{"0":{"start":{"line":5,"column":0},"end":{"line":5,"column":46}},"1":{"start":{"line":23,"column":31},"end":{"line":23,"column":33}},"2":{"start":{"line":26,"column":4},"end":{"line":36,"column":22}},"3":{"start":{"line":28,"column":8},"end":{"line":31,"column":null}},"4":{"start":{"line":29,"column":12},"end":{"line":29,"column":63}},"5":{"start":{"line":30,"column":12},"end":{"line":30,"column":23}},"6":{"start":{"line":32,"column":18},"end":{"line":32,"column":41}},"7":{"start":{"line":33,"column":8},"end":{"line":35,"column":26}},"8":{"start":{"line":39,"column":8},"end":{"line":41,"column":null}},"9":{"start":{"line":40,"column":12},"end":{"line":40,"column":57}},"10":{"start":{"line":42,"column":24},"end":{"line":42,"column":28}},"11":{"start":{"line":43,"column":22},"end":{"line":43,"column":26}},"12":{"start":{"line":44,"column":8},"end":{"line":46,"column":null}},"13":{"start":{"line":45,"column":12},"end":{"line":45,"column":70}},"14":{"start":{"line":47,"column":8},"end":{"line":49,"column":null}},"15":{"start":{"line":48,"column":12},"end":{"line":48,"column":56}},"16":{"start":{"line":50,"column":8},"end":{"line":52,"column":null}},"17":{"start":{"line":51,"column":12},"end":{"line":51,"column":83}},"18":{"start":{"line":53,"column":8},"end":{"line":56,"column":10}},"19":{"start":{"line":60,"column":8},"end":{"line":64,"column":null}},"20":{"start":{"line":61,"column":12},"end":{"line":61,"column":null}},"21":{"start":{"line":63,"column":12},"end":{"line":63,"column":44}},"22":{"start":{"line":68,"column":31},"end":{"line":68,"column":33}},"23":{"start":{"line":69,"column":18},"end":{"line":71,"column":39}},"24":{"start":{"line":72,"column":8},"end":{"line":74,"column":null}},"25":{"start":{"line":73,"column":12},"end":{"line":73,"column":88}},"26":{"start":{"line":75,"column":8},"end":{"line":127,"column":null}},"27":{"start":{"line":76,"column":12},"end":{"line":80,"column":null}},"28":{"start":{"line":77,"column":16},"end":{"line":79,"column":22}},"29":{"start":{"line":78,"column":20},"end":{"line":78,"column":46}},"30":{"start":{"line":81,"column":12},"end":{"line":88,"column":null}},"31":{"start":{"line":82,"column":16},"end":{"line":84,"column":null}},"32":{"start":{"line":83,"column":20},"end":{"line":83,"column":49}},"33":{"start":{"line":85,"column":16},"end":{"line":87,"column":40}},"34":{"start":{"line":86,"column":20},"end":{"line":86,"column":46}},"35":{"start":{"line":89,"column":12},"end":{"line":93,"column":null}},"36":{"start":{"line":90,"column":16},"end":{"line":92,"column":22}},"37":{"start":{"line":91,"column":20},"end":{"line":91,"column":46}},"38":{"start":{"line":94,"column":12},"end":{"line":101,"column":null}},"39":{"start":{"line":95,"column":16},"end":{"line":97,"column":null}},"40":{"start":{"line":96,"column":20},"end":{"line":96,"column":71}},"41":{"start":{"line":98,"column":16},"end":{"line":100,"column":40}},"42":{"start":{"line":99,"column":20},"end":{"line":99,"column":46}},"43":{"start":{"line":102,"column":12},"end":{"line":104,"column":null}},"44":{"start":{"line":103,"column":16},"end":{"line":103,"column":54}},"45":{"start":{"line":103,"column":45},"end":{"line":103,"column":52}},"46":{"start":{"line":105,"column":12},"end":{"line":107,"column":null}},"47":{"start":{"line":106,"column":16},"end":{"line":106,"column":52}},"48":{"start":{"line":106,"column":45},"end":{"line":106,"column":50}},"49":{"start":{"line":108,"column":12},"end":{"line":110,"column":null}},"50":{"start":{"line":109,"column":16},"end":{"line":109,"column":52}},"51":{"start":{"line":109,"column":45},"end":{"line":109,"column":50}},"52":{"start":{"line":112,"column":40},"end":{"line":112,"column":44}},"53":{"start":{"line":113,"column":16},"end":{"line":115,"column":null}},"54":{"start":{"line":114,"column":20},"end":{"line":114,"column":32}},"55":{"start":{"line":116,"column":27},"end":{"line":116,"column":51}},"56":{"start":{"line":117,"column":27},"end":{"line":117,"column":51}},"57":{"start":{"line":118,"column":16},"end":{"line":118,"column":58}},"58":{"start":{"line":121,"column":26},"end":{"line":121,"column":51}},"59":{"start":{"line":122,"column":16},"end":{"line":124,"column":null}},"60":{"start":{"line":123,"column":20},"end":{"line":123,"column":80}},"61":{"start":{"line":125,"column":16},"end":{"line":125,"column":25}},"62":{"start":{"line":128,"column":8},"end":{"line":142,"column":null}},"63":{"start":{"line":129,"column":28},"end":{"line":129,"column":36}},"64":{"start":{"line":130,"column":25},"end":{"line":130,"column":33}},"65":{"start":{"line":131,"column":12},"end":{"line":133,"column":null}},"66":{"start":{"line":132,"column":16},"end":{"line":132,"column":104}},"67":{"start":{"line":134,"column":12},"end":{"line":136,"column":null}},"68":{"start":{"line":135,"column":16},"end":{"line":135,"column":67}},"69":{"start":{"line":137,"column":28},"end":{"line":140,"column":26}},"70":{"start":{"line":137,"column":57},"end":{"line":140,"column":14}},"71":{"start":{"line":141,"column":12},"end":{"line":141,"column":45}},"72":{"start":{"line":143,"column":8},"end":{"line":150,"column":null}},"73":{"start":{"line":144,"column":12},"end":{"line":146,"column":null}},"74":{"start":{"line":145,"column":16},"end":{"line":145,"column":73}},"75":{"start":{"line":147,"column":12},"end":{"line":149,"column":50}},"76":{"start":{"line":151,"column":8},"end":{"line":153,"column":null}},"77":{"start":{"line":152,"column":12},"end":{"line":152,"column":55}},"78":{"start":{"line":154,"column":8},"end":{"line":165,"column":null}},"79":{"start":{"line":155,"column":25},"end":{"line":155,"column":33}},"80":{"start":{"line":156,"column":12},"end":{"line":158,"column":null}},"81":{"start":{"line":156,"column":59},"end":{"line":156,"column":80}},"82":{"start":{"line":157,"column":16},"end":{"line":157,"column":77}},"83":{"start":{"line":159,"column":25},"end":{"line":159,"column":33}},"84":{"start":{"line":160,"column":12},"end":{"line":164,"column":14}},"85":{"start":{"line":166,"column":8},"end":{"line":168,"column":null}},"86":{"start":{"line":167,"column":12},"end":{"line":167,"column":79}},"87":{"start":{"line":169,"column":19},"end":{"line":169,"column":59}},"88":{"start":{"line":170,"column":8},"end":{"line":172,"column":null}},"89":{"start":{"line":171,"column":12},"end":{"line":171,"column":59}},"90":{"start":{"line":173,"column":8},"end":{"line":173,"column":51}},"91":{"start":{"line":177,"column":35},"end":{"line":186,"column":10}},"92":{"start":{"line":180,"column":16},"end":{"line":183,"column":18}},"93":{"start":{"line":187,"column":8},"end":{"line":187,"column":43}},"94":{"start":{"line":191,"column":8},"end":{"line":193,"column":null}},"95":{"start":{"line":192,"column":12},"end":{"line":192,"column":21}},"96":{"start":{"line":194,"column":20},"end":{"line":194,"column":32}},"97":{"start":{"line":195,"column":8},"end":{"line":197,"column":null}},"98":{"start":{"line":196,"column":12},"end":{"line":196,"column":55}},"99":{"start":{"line":198,"column":8},"end":{"line":198,"column":19}},"100":{"start":{"line":22,"column":0},"end":{"line":22,"column":16}}},"fnMap":{"0":{"name":"evaluateMiniLisp","decl":{"start":{"line":22,"column":16},"end":{"line":22,"column":32}},"loc":{"start":{"line":22,"column":41},"end":{"line":201,"column":1}}},"1":{"name":"(anonymous_1)","decl":{"start":{"line":26,"column":21},"end":{"line":26,"column":22}},"loc":{"start":{"line":26,"column":32},"end":{"line":36,"column":5}}},"2":{"name":"handleDefine","decl":{"start":{"line":38,"column":13},"end":{"line":38,"column":25}},"loc":{"start":{"line":38,"column":52},"end":{"line":57,"column":5}}},"3":{"name":"evaluateSE","decl":{"start":{"line":59,"column":13},"end":{"line":59,"column":23}},"loc":{"start":{"line":59,"column":51},"end":{"line":65,"column":5}}},"4":{"name":"evaluateSL","decl":{"start":{"line":67,"column":13},"end":{"line":67,"column":23}},"loc":{"start":{"line":67,"column":53},"end":{"line":174,"column":5}}},"5":{"name":"(anonymous_5)","decl":{"start":{"line":77,"column":44},"end":{"line":77,"column":45}},"loc":{"start":{"line":77,"column":55},"end":{"line":79,"column":17}}},"6":{"name":"(anonymous_6)","decl":{"start":{"line":85,"column":53},"end":{"line":85,"column":54}},"loc":{"start":{"line":85,"column":64},"end":{"line":87,"column":17}}},"7":{"name":"(anonymous_7)","decl":{"start":{"line":90,"column":44},"end":{"line":90,"column":45}},"loc":{"start":{"line":90,"column":55},"end":{"line":92,"column":17}}},"8":{"name":"(anonymous_8)","decl":{"start":{"line":98,"column":53},"end":{"line":98,"column":54}},"loc":{"start":{"line":98,"column":64},"end":{"line":100,"column":17}}},"9":{"name":"(anonymous_9)","decl":{"start":{"line":103,"column":35},"end":{"line":103,"column":36}},"loc":{"start":{"line":103,"column":45},"end":{"line":103,"column":52}}},"10":{"name":"(anonymous_10)","decl":{"start":{"line":106,"column":35},"end":{"line":106,"column":36}},"loc":{"start":{"line":106,"column":45},"end":{"line":106,"column":50}}},"11":{"name":"(anonymous_11)","decl":{"start":{"line":109,"column":35},"end":{"line":109,"column":36}},"loc":{"start":{"line":109,"column":45},"end":{"line":109,"column":50}}},"12":{"name":"dist","decl":{"start":{"line":111,"column":21},"end":{"line":111,"column":25}},"loc":{"start":{"line":111,"column":72},"end":{"line":119,"column":13}}},"13":{"name":"getNum","decl":{"start":{"line":120,"column":21},"end":{"line":120,"column":27}},"loc":{"start":{"line":120,"column":46},"end":{"line":126,"column":13}}},"14":{"name":"(anonymous_14)","decl":{"start":{"line":137,"column":43},"end":{"line":137,"column":44}},"loc":{"start":{"line":137,"column":57},"end":{"line":140,"column":14}}},"15":{"name":"(anonymous_15)","decl":{"start":{"line":156,"column":54},"end":{"line":156,"column":55}},"loc":{"start":{"line":156,"column":59},"end":{"line":156,"column":80}}},"16":{"name":"applyFunction","decl":{"start":{"line":176,"column":13},"end":{"line":176,"column":26}},"loc":{"start":{"line":176,"column":68},"end":{"line":188,"column":5}}},"17":{"name":"(anonymous_17)","decl":{"start":{"line":179,"column":29},"end":{"line":179,"column":30}},"loc":{"start":{"line":179,"column":48},"end":{"line":184,"column":13}}},"18":{"name":"evaluateA","decl":{"start":{"line":190,"column":13},"end":{"line":190,"column":22}},"loc":{"start":{"line":190,"column":48},"end":{"line":199,"column":5}}}},"branchMap":{"0":{"loc":{"start":{"line":28,"column":8},"end":{"line":31,"column":null}},"type":"if","locations":[{"start":{"line":28,"column":8},"end":{"line":31,"column":null}}]},"1":{"loc":{"start":{"line":28,"column":12},"end":{"line":28,"column":54}},"type":"binary-expr","locations":[{"start":{"line":28,"column":12},"end":{"line":28,"column":33}},{"start":{"line":28,"column":37},"end":{"line":28,"column":54}}]},"2":{"loc":{"start":{"line":33,"column":15},"end":{"line":35,"column":25}},"type":"cond-expr","locations":[{"start":{"line":34,"column":14},"end":{"line":34,"column":17}},{"start":{"line":35,"column":14},"end":{"line":35,"column":25}}]},"3":{"loc":{"start":{"line":39,"column":8},"end":{"line":41,"column":null}},"type":"if","locations":[{"start":{"line":39,"column":8},"end":{"line":41,"column":null}}]},"4":{"loc":{"start":{"line":39,"column":12},"end":{"line":39,"column":54}},"type":"binary-expr","locations":[{"start":{"line":39,"column":12},"end":{"line":39,"column":33}},{"start":{"line":39,"column":37},"end":{"line":39,"column":54}}]},"5":{"loc":{"start":{"line":44,"column":8},"end":{"line":46,"column":null}},"type":"if","locations":[{"start":{"line":44,"column":8},"end":{"line":46,"column":null}}]},"6":{"loc":{"start":{"line":47,"column":8},"end":{"line":49,"column":null}},"type":"if","locations":[{"start":{"line":47,"column":8},"end":{"line":49,"column":null}}]},"7":{"loc":{"start":{"line":50,"column":8},"end":{"line":52,"column":null}},"type":"if","locations":[{"start":{"line":50,"column":8},"end":{"line":52,"column":null}}]},"8":{"loc":{"start":{"line":60,"column":8},"end":{"line":64,"column":null}},"type":"if","locations":[{"start":{"line":60,"column":8},"end":{"line":64,"column":null}},{"start":{"line":62,"column":15},"end":{"line":64,"column":null}}]},"9":{"loc":{"start":{"line":69,"column":18},"end":{"line":71,"column":39}},"type":"cond-expr","locations":[{"start":{"line":70,"column":14},"end":{"line":70,"column":16}},{"start":{"line":71,"column":14},"end":{"line":71,"column":39}}]},"10":{"loc":{"start":{"line":72,"column":8},"end":{"line":74,"column":null}},"type":"if","locations":[{"start":{"line":72,"column":8},"end":{"line":74,"column":null}}]},"11":{"loc":{"start":{"line":75,"column":8},"end":{"line":127,"column":null}},"type":"if","locations":[{"start":{"line":75,"column":8},"end":{"line":127,"column":null}}]},"12":{"loc":{"start":{"line":76,"column":12},"end":{"line":80,"column":null}},"type":"if","locations":[{"start":{"line":76,"column":12},"end":{"line":80,"column":null}}]},"13":{"loc":{"start":{"line":81,"column":12},"end":{"line":88,"column":null}},"type":"if","locations":[{"start":{"line":81,"column":12},"end":{"line":88,"column":null}}]},"14":{"loc":{"start":{"line":82,"column":16},"end":{"line":84,"column":null}},"type":"if","locations":[{"start":{"line":82,"column":16},"end":{"line":84,"column":null}}]},"15":{"loc":{"start":{"line":89,"column":12},"end":{"line":93,"column":null}},"type":"if","locations":[{"start":{"line":89,"column":12},"end":{"line":93,"column":null}}]},"16":{"loc":{"start":{"line":94,"column":12},"end":{"line":101,"column":null}},"type":"if","locations":[{"start":{"line":94,"column":12},"end":{"line":101,"column":null}}]},"17":{"loc":{"start":{"line":95,"column":16},"end":{"line":97,"column":null}},"type":"if","locations":[{"start":{"line":95,"column":16},"end":{"line":97,"column":null}}]},"18":{"loc":{"start":{"line":102,"column":12},"end":{"line":104,"column":null}},"type":"if","locations":[{"start":{"line":102,"column":12},"end":{"line":104,"column":null}}]},"19":{"loc":{"start":{"line":105,"column":12},"end":{"line":107,"column":null}},"type":"if","locations":[{"start":{"line":105,"column":12},"end":{"line":107,"column":null}}]},"20":{"loc":{"start":{"line":108,"column":12},"end":{"line":110,"column":null}},"type":"if","locations":[{"start":{"line":108,"column":12},"end":{"line":110,"column":null}}]},"21":{"loc":{"start":{"line":113,"column":16},"end":{"line":115,"column":null}},"type":"if","locations":[{"start":{"line":113,"column":16},"end":{"line":115,"column":null}}]},"22":{"loc":{"start":{"line":113,"column":20},"end":{"line":113,"column":54}},"type":"binary-expr","locations":[{"start":{"line":113,"column":20},"end":{"line":113,"column":35}},{"start":{"line":113,"column":39},"end":{"line":113,"column":54}}]},"23":{"loc":{"start":{"line":118,"column":23},"end":{"line":118,"column":57}},"type":"binary-expr","locations":[{"start":{"line":118,"column":23},"end":{"line":118,"column":32}},{"start":{"line":118,"column":36},"end":{"line":118,"column":57}}]},"24":{"loc":{"start":{"line":122,"column":16},"end":{"line":124,"column":null}},"type":"if","locations":[{"start":{"line":122,"column":16},"end":{"line":124,"column":null}}]},"25":{"loc":{"start":{"line":128,"column":8},"end":{"line":142,"column":null}},"type":"if","locations":[{"start":{"line":128,"column":8},"end":{"line":142,"column":null}}]},"26":{"loc":{"start":{"line":131,"column":12},"end":{"line":133,"column":null}},"type":"if","locations":[{"start":{"line":131,"column":12},"end":{"line":133,"column":null}}]},"27":{"loc":{"start":{"line":134,"column":12},"end":{"line":136,"column":null}},"type":"if","locations":[{"start":{"line":134,"column":12},"end":{"line":136,"column":null}}]},"28":{"loc":{"start":{"line":143,"column":8},"end":{"line":150,"column":null}},"type":"if","locations":[{"start":{"line":143,"column":8},"end":{"line":150,"column":null}}]},"29":{"loc":{"start":{"line":144,"column":12},"end":{"line":146,"column":null}},"type":"if","locations":[{"start":{"line":144,"column":12},"end":{"line":146,"column":null}}]},"30":{"loc":{"start":{"line":147,"column":19},"end":{"line":149,"column":49}},"type":"cond-expr","locations":[{"start":{"line":148,"column":18},"end":{"line":148,"column":49}},{"start":{"line":149,"column":18},"end":{"line":149,"column":49}}]},"31":{"loc":{"start":{"line":151,"column":8},"end":{"line":153,"column":null}},"type":"if","locations":[{"start":{"line":151,"column":8},"end":{"line":153,"column":null}}]},"32":{"loc":{"start":{"line":154,"column":8},"end":{"line":165,"column":null}},"type":"if","locations":[{"start":{"line":154,"column":8},"end":{"line":165,"column":null}}]},"33":{"loc":{"start":{"line":156,"column":12},"end":{"line":158,"column":null}},"type":"if","locations":[{"start":{"line":156,"column":12},"end":{"line":158,"column":null}}]},"34":{"loc":{"start":{"line":156,"column":16},"end":{"line":156,"column":81}},"type":"binary-expr","locations":[{"start":{"line":156,"column":16},"end":{"line":156,"column":40}},{"start":{"line":156,"column":44},"end":{"line":156,"column":81}}]},"35":{"loc":{"start":{"line":166,"column":8},"end":{"line":168,"column":null}},"type":"if","locations":[{"start":{"line":166,"column":8},"end":{"line":168,"column":null}}]},"36":{"loc":{"start":{"line":169,"column":19},"end":{"line":169,"column":59}},"type":"cond-expr","locations":[{"start":{"line":169,"column":43},"end":{"line":169,"column":44}},{"start":{"line":169,"column":47},"end":{"line":169,"column":59}}]},"37":{"loc":{"start":{"line":170,"column":8},"end":{"line":172,"column":null}},"type":"if","locations":[{"start":{"line":170,"column":8},"end":{"line":172,"column":null}}]},"38":{"loc":{"start":{"line":191,"column":8},"end":{"line":193,"column":null}},"type":"if","locations":[{"start":{"line":191,"column":8},"end":{"line":193,"column":null}}]},"39":{"loc":{"start":{"line":191,"column":12},"end":{"line":191,"column":59}},"type":"binary-expr","locations":[{"start":{"line":191,"column":12},"end":{"line":191,"column":33}},{"start":{"line":191,"column":37},"end":{"line":191,"column":59}}]},"40":{"loc":{"start":{"line":195,"column":8},"end":{"line":197,"column":null}},"type":"if","locations":[{"start":{"line":195,"column":8},"end":{"line":197,"column":null}}]}},"s":{"0":1,"1":9,"2":9,"3":14,"4":2,"5":2,"6":12,"7":12,"8":13,"9":0,"10":13,"11":13,"12":13,"13":0,"14":13,"15":1,"16":12,"17":0,"18":12,"19":300,"20":149,"21":151,"22":149,"23":149,"24":149,"25":0,"26":149,"27":72,"28":17,"29":35,"30":55,"31":28,"32":1,"33":27,"34":27,"35":27,"36":0,"37":0,"38":27,"39":0,"40":0,"41":0,"42":0,"43":27,"44":0,"45":0,"46":27,"47":0,"48":0,"49":27,"50":27,"51":27,"52":41,"53":41,"54":14,"55":27,"56":27,"57":27,"58":90,"59":90,"60":0,"61":90,"62":77,"63":9,"64":9,"65":9,"66":0,"67":9,"68":0,"69":9,"70":10,"71":9,"72":68,"73":25,"74":0,"75":25,"76":43,"77":8,"78":35,"79":5,"80":5,"81":8,"82":0,"83":5,"84":5,"85":30,"86":0,"87":30,"88":30,"89":0,"90":30,"91":30,"92":34,"93":30,"94":151,"95":74,"96":77,"97":77,"98":0,"99":77,"100":1},"f":{"0":9,"1":14,"2":13,"3":300,"4":149,"5":35,"6":27,"7":0,"8":0,"9":0,"10":0,"11":27,"12":41,"13":90,"14":10,"15":8,"16":30,"17":34,"18":151},"b":{"0":[2],"1":[14,13],"2":[0,12],"3":[0],"4":[13,13],"5":[0],"6":[1],"7":[0],"8":[149,151],"9":[148,1],"10":[0],"11":[72],"12":[17],"13":[28],"14":[1],"15":[0],"16":[0],"17":[0],"18":[0],"19":[0],"20":[27],"21":[14],"22":[41,41],"23":[27,14],"24":[0],"25":[9],"26":[0],"27":[0],"28":[25],"29":[0],"30":[13,12],"31":[8],"32":[5],"33":[0],"34":[5,5],"35":[0],"36":[1,29],"37":[0],"38":[74],"39":[151,77],"40":[0]}}
,"/Users/adam/Code/parser-practice/src/languages/mini-lisp/grammar.ts": {"path":"/Users/adam/Code/parser-practice/src/languages/mini-lisp/grammar.ts","statementMap":{"0":{"start":{"line":1,"column":13},"end":{"line":19,"column":2}}},"fnMap":{},"branchMap":{},"s":{"0":1},"f":{},"b":{}}
,"/Users/adam/Code/parser-practice/src/languages/mini-lisp/macros.ts": {"path":"/Users/adam/Code/parser-practice/src/languages/mini-lisp/macros.ts","statementMap":{"0":{"start":{"line":6,"column":48},"end":{"line":6,"column":50}},"1":{"start":{"line":7,"column":4},"end":{"line":11,"column":6}},"2":{"start":{"line":5,"column":0},"end":{"line":5,"column":16}},"3":{"start":{"line":15,"column":49},"end":{"line":15,"column":51}},"4":{"start":{"line":16,"column":4},"end":{"line":20,"column":6}},"5":{"start":{"line":14,"column":0},"end":{"line":14,"column":16}}},"fnMap":{"0":{"name":"letMacro","decl":{"start":{"line":5,"column":16},"end":{"line":5,"column":24}},"loc":{"start":{"line":5,"column":32},"end":{"line":12,"column":1}}},"1":{"name":"funMacro","decl":{"start":{"line":14,"column":16},"end":{"line":14,"column":24}},"loc":{"start":{"line":14,"column":63},"end":{"line":21,"column":1}}}},"branchMap":{},"s":{"0":8,"1":8,"2":1,"3":1,"4":1,"5":1},"f":{"0":8,"1":1},"b":{}}
,"/Users/adam/Code/parser-practice/src/languages/mini-lisp/parser.ts": {"path":"/Users/adam/Code/parser-practice/src/languages/mini-lisp/parser.ts","statementMap":{"0":{"start":{"line":1,"column":0},"end":{"line":1,"column":48}},"1":{"start":{"line":12,"column":14},"end":{"line":12,"column":31}},"2":{"start":{"line":13,"column":15},"end":{"line":13,"column":30}},"3":{"start":{"line":14,"column":4},"end":{"line":16,"column":null}},"4":{"start":{"line":15,"column":8},"end":{"line":15,"column":43}},"5":{"start":{"line":17,"column":4},"end":{"line":17,"column":14}},"6":{"start":{"line":19,"column":22},"end":{"line":19,"column":31}},"7":{"start":{"line":20,"column":8},"end":{"line":22,"column":null}},"8":{"start":{"line":21,"column":12},"end":{"line":21,"column":27}},"9":{"start":{"line":23,"column":8},"end":{"line":23,"column":43}},"10":{"start":{"line":26,"column":8},"end":{"line":33,"column":null}},"11":{"start":{"line":27,"column":12},"end":{"line":27,"column":28}},"12":{"start":{"line":29,"column":12},"end":{"line":29,"column":25}},"13":{"start":{"line":30,"column":22},"end":{"line":30,"column":37}},"14":{"start":{"line":31,"column":12},"end":{"line":31,"column":25}},"15":{"start":{"line":32,"column":12},"end":{"line":32,"column":21}},"16":{"start":{"line":36,"column":18},"end":{"line":36,"column":31}},"17":{"start":{"line":37,"column":8},"end":{"line":37,"column":20}},"18":{"start":{"line":38,"column":8},"end":{"line":40,"column":null}},"19":{"start":{"line":39,"column":12},"end":{"line":39,"column":35}},"20":{"start":{"line":41,"column":8},"end":{"line":43,"column":16}},"21":{"start":{"line":47,"column":0},"end":{"line":52,"column":2}}},"fnMap":{"0":{"name":"parseMiniLisp","decl":{"start":{"line":11,"column":9},"end":{"line":11,"column":22}},"loc":{"start":{"line":11,"column":58},"end":{"line":45,"column":1}}},"1":{"name":"parseElements","decl":{"start":{"line":18,"column":13},"end":{"line":18,"column":26}},"loc":{"start":{"line":18,"column":26},"end":{"line":24,"column":5}}},"2":{"name":"parseSE","decl":{"start":{"line":25,"column":13},"end":{"line":25,"column":20}},"loc":{"start":{"line":25,"column":20},"end":{"line":34,"column":5}}},"3":{"name":"parseA","decl":{"start":{"line":35,"column":13},"end":{"line":35,"column":19}},"loc":{"start":{"line":35,"column":19},"end":{"line":44,"column":5}}}},"branchMap":{"0":{"loc":{"start":{"line":14,"column":4},"end":{"line":16,"column":null}},"type":"if","locations":[{"start":{"line":14,"column":4},"end":{"line":16,"column":null}}]},"1":{"loc":{"start":{"line":20,"column":8},"end":{"line":22,"column":null}},"type":"if","locations":[{"start":{"line":20,"column":8},"end":{"line":22,"column":null}}]},"2":{"loc":{"start":{"line":20,"column":12},"end":{"line":20,"column":64}},"type":"binary-expr","locations":[{"start":{"line":20,"column":12},"end":{"line":20,"column":39}},{"start":{"line":20,"column":43},"end":{"line":20,"column":64}}]},"3":{"loc":{"start":{"line":26,"column":8},"end":{"line":33,"column":null}},"type":"if","locations":[{"start":{"line":26,"column":8},"end":{"line":33,"column":null}},{"start":{"line":28,"column":15},"end":{"line":33,"column":null}}]},"4":{"loc":{"start":{"line":38,"column":8},"end":{"line":40,"column":null}},"type":"if","locations":[{"start":{"line":38,"column":8},"end":{"line":40,"column":null}}]},"5":{"loc":{"start":{"line":41,"column":15},"end":{"line":43,"column":15}},"type":"cond-expr","locations":[{"start":{"line":42,"column":15},"end":{"line":42,"column":40}},{"start":{"line":43,"column":14},"end":{"line":43,"column":15}}]},"6":{"loc":{"start":{"line":42,"column":15},"end":{"line":42,"column":40}},"type":"binary-expr","locations":[{"start":{"line":42,"column":15},"end":{"line":42,"column":24}},{"start":{"line":42,"column":28},"end":{"line":42,"column":40}}]}},"s":{"0":1,"1":11,"2":11,"3":10,"4":1,"5":9,"6":160,"7":159,"8":64,"9":95,"10":160,"11":106,"12":54,"13":54,"14":54,"15":53,"16":106,"17":106,"18":106,"19":0,"20":106,"21":1},"f":{"0":11,"1":160,"2":160,"3":106},"b":{"0":[1],"1":[64],"2":[159,149],"3":[106,54],"4":[0],"5":[0,106],"6":[0,0]}}
}
