TN:
SF:src/languages/mini-lisp/evaluator.ts
FN:22,evaluateMiniLisp
FN:26,(anonymous_1)
FN:38,handleDefine
FN:59,evaluateSE
FN:67,evaluateSL
FN:77,(anonymous_5)
FN:85,(anonymous_6)
FN:90,(anonymous_7)
FN:98,(anonymous_8)
FN:103,(anonymous_9)
FN:106,(anonymous_10)
FN:109,(anonymous_11)
FN:111,dist
FN:120,getNum
FN:137,(anonymous_14)
FN:156,(anonymous_15)
FN:176,applyFunction
FN:179,(anonymous_17)
FN:190,evaluateA
FNF:19
FNH:15
FNDA:9,evaluateMiniLisp
FNDA:14,(anonymous_1)
FNDA:13,handleDefine
FNDA:300,evaluateSE
FNDA:149,evaluateSL
FNDA:35,(anonymous_5)
FNDA:27,(anonymous_6)
FNDA:0,(anonymous_7)
FNDA:0,(anonymous_8)
FNDA:0,(anonymous_9)
FNDA:0,(anonymous_10)
FNDA:27,(anonymous_11)
FNDA:41,dist
FNDA:90,getNum
FNDA:10,(anonymous_14)
FNDA:8,(anonymous_15)
FNDA:30,applyFunction
FNDA:34,(anonymous_17)
FNDA:151,evaluateA
DA:5,1
DA:22,1
DA:23,9
DA:26,9
DA:28,14
DA:29,2
DA:30,2
DA:32,12
DA:33,12
DA:39,13
DA:40,0
DA:42,13
DA:43,13
DA:44,13
DA:45,0
DA:47,13
DA:48,1
DA:50,12
DA:51,0
DA:53,12
DA:60,300
DA:61,149
DA:63,151
DA:68,149
DA:69,149
DA:72,149
DA:73,0
DA:75,149
DA:76,72
DA:77,17
DA:78,35
DA:81,55
DA:82,28
DA:83,1
DA:85,27
DA:86,27
DA:89,27
DA:90,0
DA:91,0
DA:94,27
DA:95,0
DA:96,0
DA:98,0
DA:99,0
DA:102,27
DA:103,0
DA:105,27
DA:106,0
DA:108,27
DA:109,27
DA:112,41
DA:113,41
DA:114,14
DA:116,27
DA:117,27
DA:118,27
DA:121,90
DA:122,90
DA:123,0
DA:125,90
DA:128,77
DA:129,9
DA:130,9
DA:131,9
DA:132,0
DA:134,9
DA:135,0
DA:137,10
DA:141,9
DA:143,68
DA:144,25
DA:145,0
DA:147,25
DA:151,43
DA:152,8
DA:154,35
DA:155,5
DA:156,8
DA:157,0
DA:159,5
DA:160,5
DA:166,30
DA:167,0
DA:169,30
DA:170,30
DA:171,0
DA:173,30
DA:177,30
DA:180,34
DA:187,30
DA:191,151
DA:192,74
DA:194,77
DA:195,77
DA:196,0
DA:198,77
LF:96
LH:76
BRDA:28,0,0,2
BRDA:28,1,0,14
BRDA:28,1,1,13
BRDA:33,2,0,0
BRDA:33,2,1,12
BRDA:39,3,0,0
BRDA:39,4,0,13
BRDA:39,4,1,13
BRDA:44,5,0,0
BRDA:47,6,0,1
BRDA:50,7,0,0
BRDA:60,8,0,149
BRDA:60,8,1,151
BRDA:69,9,0,148
BRDA:69,9,1,1
BRDA:72,10,0,0
BRDA:75,11,0,72
BRDA:76,12,0,17
BRDA:81,13,0,28
BRDA:82,14,0,1
BRDA:89,15,0,0
BRDA:94,16,0,0
BRDA:95,17,0,0
BRDA:102,18,0,0
BRDA:105,19,0,0
BRDA:108,20,0,27
BRDA:113,21,0,14
BRDA:113,22,0,41
BRDA:113,22,1,41
BRDA:118,23,0,27
BRDA:118,23,1,14
BRDA:122,24,0,0
BRDA:128,25,0,9
BRDA:131,26,0,0
BRDA:134,27,0,0
BRDA:143,28,0,25
BRDA:144,29,0,0
BRDA:147,30,0,13
BRDA:147,30,1,12
BRDA:151,31,0,8
BRDA:154,32,0,5
BRDA:156,33,0,0
BRDA:156,34,0,5
BRDA:156,34,1,5
BRDA:166,35,0,0
BRDA:169,36,0,1
BRDA:169,36,1,29
BRDA:170,37,0,0
BRDA:191,38,0,74
BRDA:191,39,0,151
BRDA:191,39,1,77
BRDA:195,40,0,0
BRF:52
BRH:34
end_of_record
TN:
SF:src/languages/mini-lisp/grammar.ts
FNF:0
FNH:0
DA:1,1
LF:1
LH:1
BRF:0
BRH:0
end_of_record
TN:
SF:src/languages/mini-lisp/macros.ts
FN:5,letMacro
FN:14,funMacro
FNF:2
FNH:2
FNDA:8,letMacro
FNDA:1,funMacro
DA:5,1
DA:6,8
DA:7,8
DA:14,1
DA:15,1
DA:16,1
LF:6
LH:6
BRF:0
BRH:0
end_of_record
TN:
SF:src/languages/mini-lisp/parser.ts
FN:11,parseMiniLisp
FN:18,parseElements
FN:25,parseSE
FN:35,parseA
FNF:4
FNH:4
FNDA:11,parseMiniLisp
FNDA:160,parseElements
FNDA:160,parseSE
FNDA:106,parseA
DA:1,1
DA:12,11
DA:13,11
DA:14,10
DA:15,1
DA:17,9
DA:19,160
DA:20,159
DA:21,64
DA:23,95
DA:26,160
DA:27,106
DA:29,54
DA:30,54
DA:31,54
DA:32,53
DA:36,106
DA:37,106
DA:38,106
DA:39,0
DA:41,106
DA:47,1
LF:22
LH:21
BRDA:14,0,0,1
BRDA:20,1,0,64
BRDA:20,2,0,159
BRDA:20,2,1,149
BRDA:26,3,0,106
BRDA:26,3,1,54
BRDA:38,4,0,0
BRDA:41,5,0,0
BRDA:41,5,1,106
BRDA:42,6,0,0
BRDA:42,6,1,0
BRF:11
BRH:7
end_of_record
